# JRE version: OpenJDK Runtime Environment Temurin-21.0.10+7 (21.0.10+7) (build 21.0.10+7-LTS)
# Java VM: OpenJDK 64-Bit Server VM Temurin-21.0.10+7 (21.0.10+7-LTS, mixed mode, sharing, tiered, compressed oops, compressed class ptrs, parallel gc, windows-amd64)
GC Precious Log:
 CardTable entry size: 512
 CPUs: 8 total, 8 available
 Memory: 16161M
 Large Page Support: Disabled
 NUMA Support: Disabled
 Compressed Oops: Enabled (32-bit)
 Alignments: Space 512K, Generation 512K, Heap 2M
 Heap Min Capacity: 512M
 Heap Initial Capacity: 512M
 Heap Max Capacity: 512M
 Pre-touch: Disabled
 Parallel Workers: 8
Heap:
 PSYoungGen      total 167424K, used 37048K [0x00000000f5580000, 0x0000000100000000, 0x0000000100000000)
  eden space 161792K, 19% used [0x00000000f5580000,0x00000000f7465108,0x00000000ff380000)
  from space 5632K, 96% used [0x00000000ff380000,0x00000000ff8c8f80,0x00000000ff900000)
  to   space 5632K, 0% used [0x00000000ffa80000,0x00000000ffa80000,0x0000000100000000)
 ParOldGen       total 349696K, used 238984K [0x00000000e0000000, 0x00000000f5580000, 0x00000000f5580000)
  object space 349696K, 68% used [0x00000000e0000000,0x00000000ee962358,0x00000000f5580000)
 Metaspace       used 82702K, committed 84544K, reserved 1179648K
  class space    used 8588K, committed 9408K, reserved 1048576K
GC Heap History (20 events):
Event: 53.385 GC heap before
{Heap before GC invocations=35 (full 4):
 PSYoungGen      total 169984K, used 169971K [0x00000000f5580000, 0x0000000100000000, 0x0000000100000000)
  eden space 166912K, 100% used [0x00000000f5580000,0x00000000ff880000,0x00000000ff880000)
  from space 3072K, 99% used [0x00000000ff880000,0x00000000ffb7cc80,0x00000000ffb80000)
  to   space 4096K, 0% used [0x00000000ffc00000,0x00000000ffc00000,0x0000000100000000)
 ParOldGen       total 349696K, used 212832K [0x00000000e0000000, 0x00000000f5580000, 0x00000000f5580000)
  object space 349696K, 60% used [0x00000000e0000000,0x00000000ecfd80d8,0x00000000f5580000)
 Metaspace       used 73881K, committed 75456K, reserved 1179648K
  class space    used 7822K, committed 8512K, reserved 1048576K
}
Event: 53.389 GC heap after
{Heap after GC invocations=35 (full 4):
 PSYoungGen      total 165376K, used 4089K [0x00000000f5580000, 0x0000000100000000, 0x0000000100000000)
  eden space 161280K, 0% used [0x00000000f5580000,0x00000000f5580000,0x00000000ff300000)
  from space 4096K, 99% used [0x00000000ffc00000,0x00000000ffffe480,0x0000000100000000)
  to   space 6656K, 0% used [0x00000000ff300000,0x00000000ff300000,0x00000000ff980000)
 ParOldGen       total 349696K, used 214704K [0x00000000e0000000, 0x00000000f5580000, 0x00000000f5580000)
  object space 349696K, 61% used [0x00000000e0000000,0x00000000ed1ac0d8,0x00000000f5580000)
 Metaspace       used 73881K, committed 75456K, reserved 1179648K
  class space    used 7822K, committed 8512K, reserved 1048576K
}
Event: 53.929 GC heap before
{Heap before GC invocations=36 (full 4):
 PSYoungGen      total 165376K, used 165369K [0x00000000f5580000, 0x0000000100000000, 0x0000000100000000)
  eden space 161280K, 100% used [0x00000000f5580000,0x00000000ff300000,0x00000000ff300000)
  from space 4096K, 99% used [0x00000000ffc00000,0x00000000ffffe480,0x0000000100000000)
  to   space 6656K, 0% used [0x00000000ff300000,0x00000000ff300000,0x00000000ff980000)
 ParOldGen       total 349696K, used 214704K [0x00000000e0000000, 0x00000000f5580000, 0x00000000f5580000)
  object space 349696K, 61% used [0x00000000e0000000,0x00000000ed1ac0d8,0x00000000f5580000)
 Metaspace       used 73883K, committed 75456K, reserved 1179648K
  class space    used 7822K, committed 8512K, reserved 1048576K
}
Event: 53.933 GC heap after
{Heap after GC invocations=36 (full 4):
 PSYoungGen      total 167936K, used 3571K [0x00000000f5580000, 0x0000000100000000, 0x0000000100000000)
  eden space 161280K, 0% used [0x00000000f5580000,0x00000000f5580000,0x00000000ff300000)
  from space 6656K, 53% used [0x00000000ff300000,0x00000000ff67cd48,0x00000000ff980000)
  to   space 4608K, 0% used [0x00000000ffb80000,0x00000000ffb80000,0x0000000100000000)
 ParOldGen       total 349696K, used 215296K [0x00000000e0000000, 0x00000000f5580000, 0x00000000f5580000)
  object space 349696K, 61% used [0x00000000e0000000,0x00000000ed2400d8,0x00000000f5580000)
 Metaspace       used 73883K, committed 75456K, reserved 1179648K
  class space    used 7822K, committed 8512K, reserved 1048576K
}
Event: 54.562 GC heap before
{Heap before GC invocations=37 (full 4):
 PSYoungGen      total 167936K, used 164851K [0x00000000f5580000, 0x0000000100000000, 0x0000000100000000)
  eden space 161280K, 100% used [0x00000000f5580000,0x00000000ff300000,0x00000000ff300000)
  from space 6656K, 53% used [0x00000000ff300000,0x00000000ff67cd48,0x00000000ff980000)
  to   space 4608K, 0% used [0x00000000ffb80000,0x00000000ffb80000,0x0000000100000000)
 ParOldGen       total 349696K, used 215296K [0x00000000e0000000, 0x00000000f5580000, 0x00000000f5580000)
  object space 349696K, 61% used [0x00000000e0000000,0x00000000ed2400d8,0x00000000f5580000)
 Metaspace       used 73888K, committed 75456K, reserved 1179648K
  class space    used 7822K, committed 8512K, reserved 1048576K
}
Event: 54.564 GC heap after
{Heap after GC invocations=37 (full 4):
 PSYoungGen      total 171008K, used 2551K [0x00000000f5580000, 0x0000000100000000, 0x0000000100000000)
  eden space 166400K, 0% used [0x00000000f5580000,0x00000000f5580000,0x00000000ff800000)
  from space 4608K, 55% used [0x00000000ffb80000,0x00000000ffdfdf78,0x0000000100000000)
  to   space 3584K, 0% used [0x00000000ff800000,0x00000000ff800000,0x00000000ffb80000)
 ParOldGen       total 349696K, used 215392K [0x00000000e0000000, 0x00000000f5580000, 0x00000000f5580000)
  object space 349696K, 61% used [0x00000000e0000000,0x00000000ed2580d8,0x00000000f5580000)
 Metaspace       used 73888K, committed 75456K, reserved 1179648K
  class space    used 7822K, committed 8512K, reserved 1048576K
}
Event: 247.935 GC heap before
{Heap before GC invocations=38 (full 4):
 PSYoungGen      total 171008K, used 168951K [0x00000000f5580000, 0x0000000100000000, 0x0000000100000000)
  eden space 166400K, 100% used [0x00000000f5580000,0x00000000ff800000,0x00000000ff800000)
  from space 4608K, 55% used [0x00000000ffb80000,0x00000000ffdfdf78,0x0000000100000000)
  to   space 3584K, 0% used [0x00000000ff800000,0x00000000ff800000,0x00000000ffb80000)
 ParOldGen       total 349696K, used 215392K [0x00000000e0000000, 0x00000000f5580000, 0x00000000f5580000)
  object space 349696K, 61% used [0x00000000e0000000,0x00000000ed2580d8,0x00000000f5580000)
 Metaspace       used 75535K, committed 77248K, reserved 1179648K
  class space    used 7968K, committed 8704K, reserved 1048576K
}
Event: 247.943 GC heap after
{Heap after GC invocations=38 (full 4):
 PSYoungGen      total 165376K, used 3555K [0x00000000f5580000, 0x0000000100000000, 0x0000000100000000)
  eden space 161792K, 0% used [0x00000000f5580000,0x00000000f5580000,0x00000000ff380000)
  from space 3584K, 99% used [0x00000000ff800000,0x00000000ffb78df0,0x00000000ffb80000)
  to   space 4608K, 0% used [0x00000000ffb80000,0x00000000ffb80000,0x0000000100000000)
 ParOldGen       total 349696K, used 229038K [0x00000000e0000000, 0x00000000f5580000, 0x00000000f5580000)
  object space 349696K, 65% used [0x00000000e0000000,0x00000000edfab9c8,0x00000000f5580000)
 Metaspace       used 75535K, committed 77248K, reserved 1179648K
  class space    used 7968K, committed 8704K, reserved 1048576K
}
Event: 255.060 GC heap before
{Heap before GC invocations=39 (full 4):
 PSYoungGen      total 165376K, used 165347K [0x00000000f5580000, 0x0000000100000000, 0x0000000100000000)
  eden space 161792K, 100% used [0x00000000f5580000,0x00000000ff380000,0x00000000ff380000)
  from space 3584K, 99% used [0x00000000ff800000,0x00000000ffb78df0,0x00000000ffb80000)
  to   space 4608K, 0% used [0x00000000ffb80000,0x00000000ffb80000,0x0000000100000000)
 ParOldGen       total 349696K, used 229038K [0x00000000e0000000, 0x00000000f5580000, 0x00000000f5580000)
  object space 349696K, 65% used [0x00000000e0000000,0x00000000edfab9c8,0x00000000f5580000)
 Metaspace       used 80190K, committed 81920K, reserved 1179648K
  class space    used 8520K, committed 9280K, reserved 1048576K
}
Event: 255.067 GC heap after
{Heap after GC invocations=39 (full 4):
 PSYoungGen      total 153600K, used 4576K [0x00000000f5580000, 0x0000000100000000, 0x0000000100000000)
  eden space 148992K, 0% used [0x00000000f5580000,0x00000000f5580000,0x00000000fe700000)
  from space 4608K, 99% used [0x00000000ffb80000,0x00000000ffff8060,0x0000000100000000)
  to   space 12800K, 0% used [0x00000000fe700000,0x00000000fe700000,0x00000000ff380000)
 ParOldGen       total 349696K, used 234826K [0x00000000e0000000, 0x00000000f5580000, 0x00000000f5580000)
  object space 349696K, 67% used [0x00000000e0000000,0x00000000ee552a68,0x00000000f5580000)
 Metaspace       used 80190K, committed 81920K, reserved 1179648K
  class space    used 8520K, committed 9280K, reserved 1048576K
}
Event: 732.824 GC heap before
{Heap before GC invocations=40 (full 4):
 PSYoungGen      total 153600K, used 153568K [0x00000000f5580000, 0x0000000100000000, 0x0000000100000000)
  eden space 148992K, 100% used [0x00000000f5580000,0x00000000fe700000,0x00000000fe700000)
  from space 4608K, 99% used [0x00000000ffb80000,0x00000000ffff8060,0x0000000100000000)
  to   space 12800K, 0% used [0x00000000fe700000,0x00000000fe700000,0x00000000ff380000)
 ParOldGen       total 349696K, used 234826K [0x00000000e0000000, 0x00000000f5580000, 0x00000000f5580000)
  object space 349696K, 67% used [0x00000000e0000000,0x00000000ee552a68,0x00000000f5580000)
 Metaspace       used 81216K, committed 82944K, reserved 1179648K
  class space    used 8553K, committed 9344K, reserved 1048576K
}
Event: 732.830 GC heap after
{Heap after GC invocations=40 (full 4):
 PSYoungGen      total 161792K, used 4627K [0x00000000f5580000, 0x0000000100000000, 0x0000000100000000)
  eden space 148992K, 0% used [0x00000000f5580000,0x00000000f5580000,0x00000000fe700000)
  from space 12800K, 36% used [0x00000000fe700000,0x00000000feb84f50,0x00000000ff380000)
  to   space 7168K, 0% used [0x00000000ff900000,0x00000000ff900000,0x0000000100000000)
 ParOldGen       total 349696K, used 238952K [0x00000000e0000000, 0x00000000f5580000, 0x00000000f5580000)
  object space 349696K, 68% used [0x00000000e0000000,0x00000000ee95a358,0x00000000f5580000)
 Metaspace       used 81216K, committed 82944K, reserved 1179648K
  class space    used 8553K, committed 9344K, reserved 1048576K
}
Event: 751.475 GC heap before
{Heap before GC invocations=41 (full 4):
 PSYoungGen      total 161792K, used 153619K [0x00000000f5580000, 0x0000000100000000, 0x0000000100000000)
  eden space 148992K, 100% used [0x00000000f5580000,0x00000000fe700000,0x00000000fe700000)
  from space 12800K, 36% used [0x00000000fe700000,0x00000000feb84f50,0x00000000ff380000)
  to   space 7168K, 0% used [0x00000000ff900000,0x00000000ff900000,0x0000000100000000)
 ParOldGen       total 349696K, used 238952K [0x00000000e0000000, 0x00000000f5580000, 0x00000000f5580000)
  object space 349696K, 68% used [0x00000000e0000000,0x00000000ee95a358,0x00000000f5580000)
 Metaspace       used 81632K, committed 83392K, reserved 1179648K
  class space    used 8567K, committed 9344K, reserved 1048576K
}
Event: 751.482 GC heap after
{Heap after GC invocations=41 (full 4):
 PSYoungGen      total 166400K, used 7049K [0x00000000f5580000, 0x0000000100000000, 0x0000000100000000)
  eden space 159232K, 0% used [0x00000000f5580000,0x00000000f5580000,0x00000000ff100000)
  from space 7168K, 98% used [0x00000000ff900000,0x00000000fffe25a8,0x0000000100000000)
  to   space 7680K, 0% used [0x00000000ff100000,0x00000000ff100000,0x00000000ff880000)
 ParOldGen       total 349696K, used 238960K [0x00000000e0000000, 0x00000000f5580000, 0x00000000f5580000)
  object space 349696K, 68% used [0x00000000e0000000,0x00000000ee95c358,0x00000000f5580000)
 Metaspace       used 81632K, committed 83392K, reserved 1179648K
  class space    used 8567K, committed 9344K, reserved 1048576K
}
Event: 760.694 GC heap before
{Heap before GC invocations=42 (full 4):
 PSYoungGen      total 166400K, used 166281K [0x00000000f5580000, 0x0000000100000000, 0x0000000100000000)
  eden space 159232K, 100% used [0x00000000f5580000,0x00000000ff100000,0x00000000ff100000)
  from space 7168K, 98% used [0x00000000ff900000,0x00000000fffe25a8,0x0000000100000000)
  to   space 7680K, 0% used [0x00000000ff100000,0x00000000ff100000,0x00000000ff880000)
 ParOldGen       total 349696K, used 238960K [0x00000000e0000000, 0x00000000f5580000, 0x00000000f5580000)
  object space 349696K, 68% used [0x00000000e0000000,0x00000000ee95c358,0x00000000f5580000)
 Metaspace       used 82059K, committed 83840K, reserved 1179648K
  class space    used 8578K, committed 9408K, reserved 1048576K
}
Event: 760.697 GC heap after
{Heap after GC invocations=42 (full 4):
 PSYoungGen      total 166912K, used 6745K [0x00000000f5580000, 0x0000000100000000, 0x0000000100000000)
  eden space 159232K, 0% used [0x00000000f5580000,0x00000000f5580000,0x00000000ff100000)
  from space 7680K, 87% used [0x00000000ff100000,0x00000000ff7965b8,0x00000000ff880000)
  to   space 7168K, 0% used [0x00000000ff900000,0x00000000ff900000,0x0000000100000000)
 ParOldGen       total 349696K, used 238968K [0x00000000e0000000, 0x00000000f5580000, 0x00000000f5580000)
  object space 349696K, 68% used [0x00000000e0000000,0x00000000ee95e358,0x00000000f5580000)
 Metaspace       used 82059K, committed 83840K, reserved 1179648K
  class space    used 8578K, committed 9408K, reserved 1048576K
}
Event: 768.110 GC heap before
{Heap before GC invocations=43 (full 4):
 PSYoungGen      total 166912K, used 165977K [0x00000000f5580000, 0x0000000100000000, 0x0000000100000000)
  eden space 159232K, 100% used [0x00000000f5580000,0x00000000ff100000,0x00000000ff100000)
  from space 7680K, 87% used [0x00000000ff100000,0x00000000ff7965b8,0x00000000ff880000)
  to   space 7168K, 0% used [0x00000000ff900000,0x00000000ff900000,0x0000000100000000)
 ParOldGen       total 349696K, used 238968K [0x00000000e0000000, 0x00000000f5580000, 0x00000000f5580000)
  object space 349696K, 68% used [0x00000000e0000000,0x00000000ee95e358,0x00000000f5580000)
 Metaspace       used 82331K, committed 84160K, reserved 1179648K
  class space    used 8579K, committed 9408K, reserved 1048576K
}
Event: 768.113 GC heap after
{Heap after GC invocations=43 (full 4):
 PSYoungGen      total 168960K, used 4744K [0x00000000f5580000, 0x0000000100000000, 0x0000000100000000)
  eden space 161792K, 0% used [0x00000000f5580000,0x00000000f5580000,0x00000000ff380000)
  from space 7168K, 66% used [0x00000000ff900000,0x00000000ffda2000,0x0000000100000000)
  to   space 5632K, 0% used [0x00000000ff380000,0x00000000ff380000,0x00000000ff900000)
 ParOldGen       total 349696K, used 238976K [0x00000000e0000000, 0x00000000f5580000, 0x00000000f5580000)
  object space 349696K, 68% used [0x00000000e0000000,0x00000000ee960358,0x00000000f5580000)
 Metaspace       used 82331K, committed 84160K, reserved 1179648K
  class space    used 8579K, committed 9408K, reserved 1048576K
}
Event: 841.393 GC heap before
{Heap before GC invocations=44 (full 4):
 PSYoungGen      total 168960K, used 166536K [0x00000000f5580000, 0x0000000100000000, 0x0000000100000000)
  eden space 161792K, 100% used [0x00000000f5580000,0x00000000ff380000,0x00000000ff380000)
  from space 7168K, 66% used [0x00000000ff900000,0x00000000ffda2000,0x0000000100000000)
  to   space 5632K, 0% used [0x00000000ff380000,0x00000000ff380000,0x00000000ff900000)
 ParOldGen       total 349696K, used 238976K [0x00000000e0000000, 0x00000000f5580000, 0x00000000f5580000)
  object space 349696K, 68% used [0x00000000e0000000,0x00000000ee960358,0x00000000f5580000)
 Metaspace       used 82602K, committed 84480K, reserved 1179648K
  class space    used 8584K, committed 9408K, reserved 1048576K
}
Event: 841.397 GC heap after
{Heap after GC invocations=44 (full 4):
 PSYoungGen      total 167424K, used 5411K [0x00000000f5580000, 0x0000000100000000, 0x0000000100000000)
  eden space 161792K, 0% used [0x00000000f5580000,0x00000000f5580000,0x00000000ff380000)
  from space 5632K, 96% used [0x00000000ff380000,0x00000000ff8c8f80,0x00000000ff900000)
  to   space 5632K, 0% used [0x00000000ffa80000,0x00000000ffa80000,0x0000000100000000)
 ParOldGen       total 349696K, used 238984K [0x00000000e0000000, 0x00000000f5580000, 0x00000000f5580000)
  object space 349696K, 68% used [0x00000000e0000000,0x00000000ee962358,0x00000000f5580000)
 Metaspace       used 82602K, committed 84480K, reserved 1179648K
  class space    used 8584K, committed 9408K, reserved 1048576K
}

