# JRE version: OpenJDK Runtime Environment Temurin-21.0.10+7 (21.0.10+7) (build 21.0.10+7-LTS)
# Java VM: OpenJDK 64-Bit Server VM Temurin-21.0.10+7 (21.0.10+7-LTS, mixed mode, sharing, tiered, compressed oops, compressed class ptrs, parallel gc, windows-amd64)
GC Precious Log:
 CardTable entry size: 512
 CPUs: 8 total, 8 available
 Memory: 16161M
 Large Page Support: Disabled
 NUMA Support: Disabled
 Compressed Oops: Enabled (32-bit)
 Alignments: Space 512K, Generation 512K, Heap 2M
 Heap Min Capacity: 512M
 Heap Initial Capacity: 512M
 Heap Max Capacity: 512M
 Pre-touch: Disabled
 Parallel Workers: 8
Heap:
 PSYoungGen      total 153600K, used 86725K [0x00000000f5580000, 0x0000000100000000, 0x0000000100000000)
  eden space 132096K, 65% used [0x00000000f5580000,0x00000000faa314f0,0x00000000fd680000)
  from space 21504K, 0% used [0x00000000feb00000,0x00000000feb00000,0x0000000100000000)
  to   space 20992K, 0% used [0x00000000fd680000,0x00000000fd680000,0x00000000feb00000)
 ParOldGen       total 349696K, used 46340K [0x00000000e0000000, 0x00000000f5580000, 0x00000000f5580000)
  object space 349696K, 13% used [0x00000000e0000000,0x00000000e2d411e8,0x00000000f5580000)
 Metaspace       used 59788K, committed 61184K, reserved 1114112K
  class space    used 6368K, committed 6976K, reserved 1048576K
GC Heap History (20 events):
Event: 7.323 GC heap before
{Heap before GC invocations=2 (full 0):
 PSYoungGen      total 153088K, used 81150K [0x00000000f5580000, 0x0000000100000000, 0x0000000100000000)
  eden space 131584K, 53% used [0x00000000f5580000,0x00000000f99f0418,0x00000000fd600000)
  from space 21504K, 51% used [0x00000000fd600000,0x00000000fe0cf518,0x00000000feb00000)
  to   space 21504K, 0% used [0x00000000feb00000,0x00000000feb00000,0x0000000100000000)
 ParOldGen       total 349696K, used 96K [0x00000000e0000000, 0x00000000f5580000, 0x00000000f5580000)
  object space 349696K, 0% used [0x00000000e0000000,0x00000000e0018010,0x00000000f5580000)
 Metaspace       used 20632K, committed 21504K, reserved 1114112K
  class space    used 2201K, committed 2560K, reserved 1048576K
}
Event: 7.332 GC heap after
{Heap after GC invocations=2 (full 0):
 PSYoungGen      total 153088K, used 13418K [0x00000000f5580000, 0x0000000100000000, 0x0000000100000000)
  eden space 131584K, 0% used [0x00000000f5580000,0x00000000f5580000,0x00000000fd600000)
  from space 21504K, 62% used [0x00000000feb00000,0x00000000ff81a870,0x0000000100000000)
  to   space 21504K, 0% used [0x00000000fd600000,0x00000000fd600000,0x00000000feb00000)
 ParOldGen       total 349696K, used 112K [0x00000000e0000000, 0x00000000f5580000, 0x00000000f5580000)
  object space 349696K, 0% used [0x00000000e0000000,0x00000000e001c010,0x00000000f5580000)
 Metaspace       used 20632K, committed 21504K, reserved 1114112K
  class space    used 2201K, committed 2560K, reserved 1048576K
}
Event: 7.332 GC heap before
{Heap before GC invocations=3 (full 1):
 PSYoungGen      total 153088K, used 13418K [0x00000000f5580000, 0x0000000100000000, 0x0000000100000000)
  eden space 131584K, 0% used [0x00000000f5580000,0x00000000f5580000,0x00000000fd600000)
  from space 21504K, 62% used [0x00000000feb00000,0x00000000ff81a870,0x0000000100000000)
  to   space 21504K, 0% used [0x00000000fd600000,0x00000000fd600000,0x00000000feb00000)
 ParOldGen       total 349696K, used 112K [0x00000000e0000000, 0x00000000f5580000, 0x00000000f5580000)
  object space 349696K, 0% used [0x00000000e0000000,0x00000000e001c010,0x00000000f5580000)
 Metaspace       used 20632K, committed 21504K, reserved 1114112K
  class space    used 2201K, committed 2560K, reserved 1048576K
}
Event: 7.374 GC heap after
{Heap after GC invocations=3 (full 1):
 PSYoungGen      total 153088K, used 0K [0x00000000f5580000, 0x0000000100000000, 0x0000000100000000)
  eden space 131584K, 0% used [0x00000000f5580000,0x00000000f5580000,0x00000000fd600000)
  from space 21504K, 0% used [0x00000000feb00000,0x00000000feb00000,0x0000000100000000)
  to   space 21504K, 0% used [0x00000000fd600000,0x00000000fd600000,0x00000000feb00000)
 ParOldGen       total 349696K, used 13224K [0x00000000e0000000, 0x00000000f5580000, 0x00000000f5580000)
  object space 349696K, 3% used [0x00000000e0000000,0x00000000e0cea150,0x00000000f5580000)
 Metaspace       used 20619K, committed 21504K, reserved 1114112K
  class space    used 2198K, committed 2560K, reserved 1048576K
}
Event: 9.321 GC heap before
{Heap before GC invocations=4 (full 1):
 PSYoungGen      total 153088K, used 131584K [0x00000000f5580000, 0x0000000100000000, 0x0000000100000000)
  eden space 131584K, 100% used [0x00000000f5580000,0x00000000fd600000,0x00000000fd600000)
  from space 21504K, 0% used [0x00000000feb00000,0x00000000feb00000,0x0000000100000000)
  to   space 21504K, 0% used [0x00000000fd600000,0x00000000fd600000,0x00000000feb00000)
 ParOldGen       total 349696K, used 13224K [0x00000000e0000000, 0x00000000f5580000, 0x00000000f5580000)
  object space 349696K, 3% used [0x00000000e0000000,0x00000000e0cea150,0x00000000f5580000)
 Metaspace       used 34106K, committed 35200K, reserved 1114112K
  class space    used 3541K, committed 3968K, reserved 1048576K
}
Event: 9.324 GC heap after
{Heap after GC invocations=4 (full 1):
 PSYoungGen      total 153088K, used 5863K [0x00000000f5580000, 0x0000000100000000, 0x0000000100000000)
  eden space 131584K, 0% used [0x00000000f5580000,0x00000000f5580000,0x00000000fd600000)
  from space 21504K, 27% used [0x00000000fd600000,0x00000000fdbb9eb0,0x00000000feb00000)
  to   space 21504K, 0% used [0x00000000feb00000,0x00000000feb00000,0x0000000100000000)
 ParOldGen       total 349696K, used 13232K [0x00000000e0000000, 0x00000000f5580000, 0x00000000f5580000)
  object space 349696K, 3% used [0x00000000e0000000,0x00000000e0cec150,0x00000000f5580000)
 Metaspace       used 34106K, committed 35200K, reserved 1114112K
  class space    used 3541K, committed 3968K, reserved 1048576K
}
Event: 9.389 GC heap before
{Heap before GC invocations=5 (full 1):
 PSYoungGen      total 153088K, used 16000K [0x00000000f5580000, 0x0000000100000000, 0x0000000100000000)
  eden space 131584K, 7% used [0x00000000f5580000,0x00000000f5f66408,0x00000000fd600000)
  from space 21504K, 27% used [0x00000000fd600000,0x00000000fdbb9eb0,0x00000000feb00000)
  to   space 21504K, 0% used [0x00000000feb00000,0x00000000feb00000,0x0000000100000000)
 ParOldGen       total 349696K, used 13232K [0x00000000e0000000, 0x00000000f5580000, 0x00000000f5580000)
  object space 349696K, 3% used [0x00000000e0000000,0x00000000e0cec150,0x00000000f5580000)
 Metaspace       used 34786K, committed 35840K, reserved 1114112K
  class space    used 3624K, committed 4096K, reserved 1048576K
}
Event: 9.392 GC heap after
{Heap after GC invocations=5 (full 1):
 PSYoungGen      total 153088K, used 6034K [0x00000000f5580000, 0x0000000100000000, 0x0000000100000000)
  eden space 131584K, 0% used [0x00000000f5580000,0x00000000f5580000,0x00000000fd600000)
  from space 21504K, 28% used [0x00000000feb00000,0x00000000ff0e4968,0x0000000100000000)
  to   space 21504K, 0% used [0x00000000fd600000,0x00000000fd600000,0x00000000feb00000)
 ParOldGen       total 349696K, used 13240K [0x00000000e0000000, 0x00000000f5580000, 0x00000000f5580000)
  object space 349696K, 3% used [0x00000000e0000000,0x00000000e0cee150,0x00000000f5580000)
 Metaspace       used 34786K, committed 35840K, reserved 1114112K
  class space    used 3624K, committed 4096K, reserved 1048576K
}
Event: 9.392 GC heap before
{Heap before GC invocations=6 (full 2):
 PSYoungGen      total 153088K, used 6034K [0x00000000f5580000, 0x0000000100000000, 0x0000000100000000)
  eden space 131584K, 0% used [0x00000000f5580000,0x00000000f5580000,0x00000000fd600000)
  from space 21504K, 28% used [0x00000000feb00000,0x00000000ff0e4968,0x0000000100000000)
  to   space 21504K, 0% used [0x00000000fd600000,0x00000000fd600000,0x00000000feb00000)
 ParOldGen       total 349696K, used 13240K [0x00000000e0000000, 0x00000000f5580000, 0x00000000f5580000)
  object space 349696K, 3% used [0x00000000e0000000,0x00000000e0cee150,0x00000000f5580000)
 Metaspace       used 34786K, committed 35840K, reserved 1114112K
  class space    used 3624K, committed 4096K, reserved 1048576K
}
Event: 9.424 GC heap after
{Heap after GC invocations=6 (full 2):
 PSYoungGen      total 153088K, used 0K [0x00000000f5580000, 0x0000000100000000, 0x0000000100000000)
  eden space 131584K, 0% used [0x00000000f5580000,0x00000000f5580000,0x00000000fd600000)
  from space 21504K, 0% used [0x00000000feb00000,0x00000000feb00000,0x0000000100000000)
  to   space 21504K, 0% used [0x00000000fd600000,0x00000000fd600000,0x00000000feb00000)
 ParOldGen       total 349696K, used 18425K [0x00000000e0000000, 0x00000000f5580000, 0x00000000f5580000)
  object space 349696K, 5% used [0x00000000e0000000,0x00000000e11fe5a8,0x00000000f5580000)
 Metaspace       used 34786K, committed 35840K, reserved 1114112K
  class space    used 3624K, committed 4096K, reserved 1048576K
}
Event: 10.288 GC heap before
{Heap before GC invocations=7 (full 2):
 PSYoungGen      total 153088K, used 131584K [0x00000000f5580000, 0x0000000100000000, 0x0000000100000000)
  eden space 131584K, 100% used [0x00000000f5580000,0x00000000fd600000,0x00000000fd600000)
  from space 21504K, 0% used [0x00000000feb00000,0x00000000feb00000,0x0000000100000000)
  to   space 21504K, 0% used [0x00000000fd600000,0x00000000fd600000,0x00000000feb00000)
 ParOldGen       total 349696K, used 18425K [0x00000000e0000000, 0x00000000f5580000, 0x00000000f5580000)
  object space 349696K, 5% used [0x00000000e0000000,0x00000000e11fe5a8,0x00000000f5580000)
 Metaspace       used 43549K, committed 44736K, reserved 1114112K
  class space    used 4698K, committed 5248K, reserved 1048576K
}
Event: 10.297 GC heap after
{Heap after GC invocations=7 (full 2):
 PSYoungGen      total 153088K, used 12670K [0x00000000f5580000, 0x0000000100000000, 0x0000000100000000)
  eden space 131584K, 0% used [0x00000000f5580000,0x00000000f5580000,0x00000000fd600000)
  from space 21504K, 58% used [0x00000000fd600000,0x00000000fe25f848,0x00000000feb00000)
  to   space 14336K, 0% used [0x00000000ff200000,0x00000000ff200000,0x0000000100000000)
 ParOldGen       total 349696K, used 18433K [0x00000000e0000000, 0x00000000f5580000, 0x00000000f5580000)
  object space 349696K, 5% used [0x00000000e0000000,0x00000000e12005a8,0x00000000f5580000)
 Metaspace       used 43549K, committed 44736K, reserved 1114112K
  class space    used 4698K, committed 5248K, reserved 1048576K
}
Event: 10.766 GC heap before
{Heap before GC invocations=8 (full 2):
 PSYoungGen      total 153088K, used 144254K [0x00000000f5580000, 0x0000000100000000, 0x0000000100000000)
  eden space 131584K, 100% used [0x00000000f5580000,0x00000000fd600000,0x00000000fd600000)
  from space 21504K, 58% used [0x00000000fd600000,0x00000000fe25f848,0x00000000feb00000)
  to   space 14336K, 0% used [0x00000000ff200000,0x00000000ff200000,0x0000000100000000)
 ParOldGen       total 349696K, used 18433K [0x00000000e0000000, 0x00000000f5580000, 0x00000000f5580000)
  object space 349696K, 5% used [0x00000000e0000000,0x00000000e12005a8,0x00000000f5580000)
 Metaspace       used 47150K, committed 48320K, reserved 1114112K
  class space    used 5113K, committed 5632K, reserved 1048576K
}
Event: 10.779 GC heap after
{Heap after GC invocations=8 (full 2):
 PSYoungGen      total 138752K, used 14317K [0x00000000f5580000, 0x0000000100000000, 0x0000000100000000)
  eden space 124416K, 0% used [0x00000000f5580000,0x00000000f5580000,0x00000000fcf00000)
  from space 14336K, 99% used [0x00000000ff200000,0x00000000ffffb6b0,0x0000000100000000)
  to   space 25088K, 0% used [0x00000000fcf00000,0x00000000fcf00000,0x00000000fe780000)
 ParOldGen       total 349696K, used 26964K [0x00000000e0000000, 0x00000000f5580000, 0x00000000f5580000)
  object space 349696K, 7% used [0x00000000e0000000,0x00000000e1a55050,0x00000000f5580000)
 Metaspace       used 47150K, committed 48320K, reserved 1114112K
  class space    used 5113K, committed 5632K, reserved 1048576K
}
Event: 12.700 GC heap before
{Heap before GC invocations=9 (full 2):
 PSYoungGen      total 138752K, used 138733K [0x00000000f5580000, 0x0000000100000000, 0x0000000100000000)
  eden space 124416K, 100% used [0x00000000f5580000,0x00000000fcf00000,0x00000000fcf00000)
  from space 14336K, 99% used [0x00000000ff200000,0x00000000ffffb6b0,0x0000000100000000)
  to   space 25088K, 0% used [0x00000000fcf00000,0x00000000fcf00000,0x00000000fe780000)
 ParOldGen       total 349696K, used 26964K [0x00000000e0000000, 0x00000000f5580000, 0x00000000f5580000)
  object space 349696K, 7% used [0x00000000e0000000,0x00000000e1a55050,0x00000000f5580000)
 Metaspace       used 55034K, committed 56384K, reserved 1114112K
  class space    used 5970K, committed 6592K, reserved 1048576K
}
Event: 12.709 GC heap after
{Heap after GC invocations=9 (full 2):
 PSYoungGen      total 149504K, used 20705K [0x00000000f5580000, 0x0000000100000000, 0x0000000100000000)
  eden space 124416K, 0% used [0x00000000f5580000,0x00000000f5580000,0x00000000fcf00000)
  from space 25088K, 82% used [0x00000000fcf00000,0x00000000fe338780,0x00000000fe780000)
  to   space 21504K, 0% used [0x00000000feb00000,0x00000000feb00000,0x0000000100000000)
 ParOldGen       total 349696K, used 26972K [0x00000000e0000000, 0x00000000f5580000, 0x00000000f5580000)
  object space 349696K, 7% used [0x00000000e0000000,0x00000000e1a57050,0x00000000f5580000)
 Metaspace       used 55034K, committed 56384K, reserved 1114112K
  class space    used 5970K, committed 6592K, reserved 1048576K
}
Event: 13.932 GC heap before
{Heap before GC invocations=10 (full 2):
 PSYoungGen      total 149504K, used 105620K [0x00000000f5580000, 0x0000000100000000, 0x0000000100000000)
  eden space 124416K, 68% used [0x00000000f5580000,0x00000000fa86ca10,0x00000000fcf00000)
  from space 25088K, 82% used [0x00000000fcf00000,0x00000000fe338780,0x00000000fe780000)
  to   space 21504K, 0% used [0x00000000feb00000,0x00000000feb00000,0x0000000100000000)
 ParOldGen       total 349696K, used 26972K [0x00000000e0000000, 0x00000000f5580000, 0x00000000f5580000)
  object space 349696K, 7% used [0x00000000e0000000,0x00000000e1a57050,0x00000000f5580000)
 Metaspace       used 58427K, committed 59776K, reserved 1114112K
  class space    used 6243K, committed 6848K, reserved 1048576K
}
Event: 13.943 GC heap after
{Heap after GC invocations=10 (full 2):
 PSYoungGen      total 153600K, used 20435K [0x00000000f5580000, 0x0000000100000000, 0x0000000100000000)
  eden space 132096K, 0% used [0x00000000f5580000,0x00000000f5580000,0x00000000fd680000)
  from space 21504K, 95% used [0x00000000feb00000,0x00000000ffef4ee0,0x0000000100000000)
  to   space 20992K, 0% used [0x00000000fd680000,0x00000000fd680000,0x00000000feb00000)
 ParOldGen       total 349696K, used 26980K [0x00000000e0000000, 0x00000000f5580000, 0x00000000f5580000)
  object space 349696K, 7% used [0x00000000e0000000,0x00000000e1a59050,0x00000000f5580000)
 Metaspace       used 58427K, committed 59776K, reserved 1114112K
  class space    used 6243K, committed 6848K, reserved 1048576K
}
Event: 13.943 GC heap before
{Heap before GC invocations=11 (full 3):
 PSYoungGen      total 153600K, used 20435K [0x00000000f5580000, 0x0000000100000000, 0x0000000100000000)
  eden space 132096K, 0% used [0x00000000f5580000,0x00000000f5580000,0x00000000fd680000)
  from space 21504K, 95% used [0x00000000feb00000,0x00000000ffef4ee0,0x0000000100000000)
  to   space 20992K, 0% used [0x00000000fd680000,0x00000000fd680000,0x00000000feb00000)
 ParOldGen       total 349696K, used 26980K [0x00000000e0000000, 0x00000000f5580000, 0x00000000f5580000)
  object space 349696K, 7% used [0x00000000e0000000,0x00000000e1a59050,0x00000000f5580000)
 Metaspace       used 58427K, committed 59776K, reserved 1114112K
  class space    used 6243K, committed 6848K, reserved 1048576K
}
Event: 14.024 GC heap after
{Heap after GC invocations=11 (full 3):
 PSYoungGen      total 153600K, used 0K [0x00000000f5580000, 0x0000000100000000, 0x0000000100000000)
  eden space 132096K, 0% used [0x00000000f5580000,0x00000000f5580000,0x00000000fd680000)
  from space 21504K, 0% used [0x00000000feb00000,0x00000000feb00000,0x0000000100000000)
  to   space 20992K, 0% used [0x00000000fd680000,0x00000000fd680000,0x00000000feb00000)
 ParOldGen       total 349696K, used 46340K [0x00000000e0000000, 0x00000000f5580000, 0x00000000f5580000)
  object space 349696K, 13% used [0x00000000e0000000,0x00000000e2d411e8,0x00000000f5580000)
 Metaspace       used 58424K, committed 59776K, reserved 1114112K
  class space    used 6242K, committed 6848K, reserved 1048576K
}

